Sep 30 10:00:22 2025 (7770) Master watcher caught SIGTERM.  Exiting.
Sep 30 10:00:22 2025 (7770) Master watcher caught SIGTERM.  Exiting.
Sep 30 10:00:22 2025 (7770) Master watcher caught SIGTERM.  Exiting.
Sep 30 10:00:22 2025 (7771) Master watcher caught SIGTERM.  Exiting.
Sep 30 10:00:22 2025 (7770) Master watcher caught SIGTERM.  Exiting.
Sep 30 10:00:22 2025 (7771) Master watcher caught SIGTERM.  Exiting.
Sep 30 10:00:22 2025 (7770) Master watcher caught SIGTERM.  Exiting.
Sep 30 10:00:22 2025 (7772) Master watcher caught SIGTERM.  Exiting.
Sep 30 10:00:22 2025 (7772) Master watcher caught SIGTERM.  Exiting.
Sep 30 10:00:22 2025 (7773) Master watcher caught SIGTERM.  Exiting.
Sep 30 10:00:22 2025 (7772) Master watcher caught SIGTERM.  Exiting.
Sep 30 10:00:22 2025 (7774) Master watcher caught SIGTERM.  Exiting.
Sep 30 10:00:22 2025 (7773) Master watcher caught SIGTERM.  Exiting.
Sep 30 10:00:22 2025 (7775) Master watcher caught SIGTERM.  Exiting.
Sep 30 10:00:22 2025 (7774) Master watcher caught SIGTERM.  Exiting.
Sep 30 10:00:22 2025 (7773) Master watcher caught SIGTERM.  Exiting.
Sep 30 10:00:22 2025 (7772) Master watcher caught SIGTERM.  Exiting.
Sep 30 10:00:22 2025 (7774) Master watcher caught SIGTERM.  Exiting.
Sep 30 10:00:22 2025 (7775) Master watcher caught SIGTERM.  Exiting.
Sep 30 10:00:22 2025 (7776) Master watcher caught SIGTERM.  Exiting.
Sep 30 10:00:22 2025 (7774) Master watcher caught SIGTERM.  Exiting.
Sep 30 10:00:22 2025 (7775) Master watcher caught SIGTERM.  Exiting.
Sep 30 10:00:22 2025 (7777) Master watcher caught SIGTERM.  Exiting.
Sep 30 10:00:22 2025 (7776) Master watcher caught SIGTERM.  Exiting.
Sep 30 10:00:22 2025 (7778) Master watcher caught SIGTERM.  Exiting.
Sep 30 10:00:22 2025 (7778) Master watcher caught SIGTERM.  Exiting.
Sep 30 10:00:22 2025 (7779) Master watcher caught SIGTERM.  Exiting.
Sep 30 10:00:22 2025 (7778) Master watcher caught SIGTERM.  Exiting.
Sep 30 10:00:22 2025 (7779) Master watcher caught SIGTERM.  Exiting.
Sep 30 10:00:22 2025 (7780) Master watcher caught SIGTERM.  Exiting.
Sep 30 10:00:22 2025 (7779) Master watcher caught SIGTERM.  Exiting.
Sep 30 10:00:22 2025 (7738) Master started
Sep 30 10:00:22 2025 (7779) Master watcher caught SIGTERM.  Exiting.
Sep 30 10:00:22 2025 (7780) Master watcher caught SIGTERM.  Exiting.
Sep 30 10:00:22 2025 (7781) Master watcher caught SIGTERM.  Exiting.
Sep 30 10:00:22 2025 (7779) Master watcher caught SIGTERM.  Exiting.
Sep 30 10:00:27 2025 (7834) ESRCH on pid: 7779
Sep 30 10:00:27 2025 (7834) ESRCH on pid: 7781
Sep 30 10:00:34 2025 (7738) Runner task reached maximum restart limit of 10, not restarting.
Sep 30 10:00:34 2025 (7738) Master stopped
